<?xml version="1.0" encoding="UTF-8"?>
<testng-results ignored="0" total="1" passed="1" failed="0" skipped="0">
  <reporter-output>
  </reporter-output>
  <suite started-at="2022-05-03T14:14:30 EEST" name="MainTest" finished-at="2022-05-03T14:14:30 EEST" duration-ms="98">
    <groups>
    </groups>
    <test started-at="2022-05-03T14:14:30 EEST" name="Command line test" finished-at="2022-05-03T14:14:30 EEST" duration-ms="98">
      <class name="MainTest">
        <test-method signature="testAbbr()[pri:0, instance:MainTest@74e52303]" started-at="2022-05-03T14:14:30 EEST" name="testAbbr" finished-at="2022-05-03T14:14:30 EEST" duration-ms="32" status="PASS">
          <reporter-output>
          </reporter-output>
        </test-method> <!-- testAbbr -->
      </class> <!-- MainTest -->
    </test> <!-- Command line test -->
  </suite> <!-- MainTest -->
</testng-results>
